NOTE: Picked up JDK_JAVA_OPTIONS:  --add-opens=java.base/java.lang=ALL-UNNAMED --add-opens=java.base/java.lang.invoke=ALL-UNNAMED --add-opens=java.base/java.lang.reflect=ALL-UNNAMED --add-opens=java.base/java.io=ALL-UNNAMED --add-opens=java.base/java.util=ALL-UNNAMED --add-opens=java.base/java.util.concurrent=ALL-UNNAMED --add-opens=java.rmi/sun.rmi.transport=ALL-UNNAMED
28-May-2026 15:31:13.665 INFO [main] org.apache.catalina.startup.VersionLoggerListener.log Server version name:   Apache Tomcat/9.0.118
28-May-2026 15:31:13.686 INFO [main] org.apache.catalina.startup.VersionLoggerListener.log Server built:          May 1 2026 19:30:30 UTC
28-May-2026 15:31:13.686 INFO [main] org.apache.catalina.startup.VersionLoggerListener.log Server version number: 9.0.118.0
28-May-2026 15:31:13.686 INFO [main] org.apache.catalina.startup.VersionLoggerListener.log OS Name:               Linux
28-May-2026 15:31:13.686 INFO [main] org.apache.catalina.startup.VersionLoggerListener.log OS Version:            6.17.0-1015-azure
28-May-2026 15:31:13.686 INFO [main] org.apache.catalina.startup.VersionLoggerListener.log Architecture:          amd64
28-May-2026 15:31:13.686 INFO [main] org.apache.catalina.startup.VersionLoggerListener.log Java Home:             /usr/lib/jvm/java-21-openjdk-amd64
28-May-2026 15:31:13.687 INFO [main] org.apache.catalina.startup.VersionLoggerListener.log JVM Version:           21.0.11+10-1-24.04.2-Ubuntu
28-May-2026 15:31:13.687 INFO [main] org.apache.catalina.startup.VersionLoggerListener.log JVM Vendor:            Ubuntu
28-May-2026 15:31:13.687 INFO [main] org.apache.catalina.startup.VersionLoggerListener.log CATALINA_BASE:         /home/Vignesh/devops-project/apache-tomcat-9.0.118
28-May-2026 15:31:13.687 INFO [main] org.apache.catalina.startup.VersionLoggerListener.log CATALINA_HOME:         /home/Vignesh/devops-project/apache-tomcat-9.0.118
28-May-2026 15:31:13.762 INFO [main] org.apache.catalina.startup.VersionLoggerListener.log Command line argument: --add-opens=java.base/java.lang=ALL-UNNAMED
28-May-2026 15:31:13.762 INFO [main] org.apache.catalina.startup.VersionLoggerListener.log Command line argument: --add-opens=java.base/java.lang.invoke=ALL-UNNAMED
28-May-2026 15:31:13.762 INFO [main] org.apache.catalina.startup.VersionLoggerListener.log Command line argument: --add-opens=java.base/java.lang.reflect=ALL-UNNAMED
28-May-2026 15:31:13.762 INFO [main] org.apache.catalina.startup.VersionLoggerListener.log Command line argument: --add-opens=java.base/java.io=ALL-UNNAMED
28-May-2026 15:31:13.762 INFO [main] org.apache.catalina.startup.VersionLoggerListener.log Command line argument: --add-opens=java.base/java.util=ALL-UNNAMED
28-May-2026 15:31:13.762 INFO [main] org.apache.catalina.startup.VersionLoggerListener.log Command line argument: --add-opens=java.base/java.util.concurrent=ALL-UNNAMED
28-May-2026 15:31:13.762 INFO [main] org.apache.catalina.startup.VersionLoggerListener.log Command line argument: --add-opens=java.rmi/sun.rmi.transport=ALL-UNNAMED
28-May-2026 15:31:13.762 INFO [main] org.apache.catalina.startup.VersionLoggerListener.log Command line argument: -Djava.util.logging.config.file=/home/Vignesh/devops-project/apache-tomcat-9.0.118/conf/logging.properties
28-May-2026 15:31:13.762 INFO [main] org.apache.catalina.startup.VersionLoggerListener.log Command line argument: -Djava.util.logging.manager=org.apache.juli.ClassLoaderLogManager
28-May-2026 15:31:13.763 INFO [main] org.apache.catalina.startup.VersionLoggerListener.log Command line argument: -Djdk.tls.ephemeralDHKeySize=2048
28-May-2026 15:31:13.763 INFO [main] org.apache.catalina.startup.VersionLoggerListener.log Command line argument: -Djava.protocol.handler.pkgs=org.apache.catalina.webresources
28-May-2026 15:31:13.763 INFO [main] org.apache.catalina.startup.VersionLoggerListener.log Command line argument: -Dsun.io.useCanonCaches=false
28-May-2026 15:31:13.763 INFO [main] org.apache.catalina.startup.VersionLoggerListener.log Command line argument: -Dorg.apache.catalina.security.SecurityListener.UMASK=0027
28-May-2026 15:31:13.763 INFO [main] org.apache.catalina.startup.VersionLoggerListener.log Command line argument: -Dignore.endorsed.dirs=
28-May-2026 15:31:13.763 INFO [main] org.apache.catalina.startup.VersionLoggerListener.log Command line argument: -Dcatalina.base=/home/Vignesh/devops-project/apache-tomcat-9.0.118
28-May-2026 15:31:13.763 INFO [main] org.apache.catalina.startup.VersionLoggerListener.log Command line argument: -Dcatalina.home=/home/Vignesh/devops-project/apache-tomcat-9.0.118
28-May-2026 15:31:13.763 INFO [main] org.apache.catalina.startup.VersionLoggerListener.log Command line argument: -Djava.io.tmpdir=/home/Vignesh/devops-project/apache-tomcat-9.0.118/temp
28-May-2026 15:31:13.769 INFO [main] org.apache.catalina.core.AprLifecycleListener.lifecycleEvent The Apache Tomcat Native library which allows using OpenSSL was not found on the java.library.path: [/usr/java/packages/lib:/usr/lib/x86_64-linux-gnu/jni:/lib/x86_64-linux-gnu:/usr/lib/x86_64-linux-gnu:/usr/lib/jni:/lib:/usr/lib]
28-May-2026 15:31:14.473 INFO [main] org.apache.coyote.AbstractProtocol.init Initializing ProtocolHandler ["http-nio-8080"]
28-May-2026 15:31:14.543 INFO [main] org.apache.catalina.startup.Catalina.load Server initialization in [1427] milliseconds
28-May-2026 15:31:14.627 INFO [main] org.apache.catalina.core.StandardService.startInternal Starting service [Catalina]
28-May-2026 15:31:14.627 INFO [main] org.apache.catalina.core.StandardEngine.startInternal Starting Servlet engine: [Apache Tomcat/9.0.118]
28-May-2026 15:31:14.634 INFO [main] org.apache.catalina.startup.HostConfig.deployDirectory Deploying web application directory [/home/Vignesh/devops-project/apache-tomcat-9.0.118/webapps/host-manager]
28-May-2026 15:31:15.141 INFO [main] org.apache.catalina.startup.HostConfig.deployDirectory Deployment of web application directory [/home/Vignesh/devops-project/apache-tomcat-9.0.118/webapps/host-manager] has finished in [507] ms
28-May-2026 15:31:15.143 INFO [main] org.apache.catalina.startup.HostConfig.deployDirectory Deploying web application directory [/home/Vignesh/devops-project/apache-tomcat-9.0.118/webapps/docs]
28-May-2026 15:31:15.171 INFO [main] org.apache.catalina.startup.HostConfig.deployDirectory Deployment of web application directory [/home/Vignesh/devops-project/apache-tomcat-9.0.118/webapps/docs] has finished in [29] ms
28-May-2026 15:31:15.172 INFO [main] org.apache.catalina.startup.HostConfig.deployDirectory Deploying web application directory [/home/Vignesh/devops-project/apache-tomcat-9.0.118/webapps/ROOT]
28-May-2026 15:31:15.205 INFO [main] org.apache.catalina.startup.HostConfig.deployDirectory Deployment of web application directory [/home/Vignesh/devops-project/apache-tomcat-9.0.118/webapps/ROOT] has finished in [32] ms
28-May-2026 15:31:15.205 INFO [main] org.apache.catalina.startup.HostConfig.deployDirectory Deploying web application directory [/home/Vignesh/devops-project/apache-tomcat-9.0.118/webapps/manager]
28-May-2026 15:31:15.231 INFO [main] org.apache.catalina.startup.HostConfig.deployDirectory Deployment of web application directory [/home/Vignesh/devops-project/apache-tomcat-9.0.118/webapps/manager] has finished in [26] ms
28-May-2026 15:31:15.232 INFO [main] org.apache.catalina.startup.HostConfig.deployDirectory Deploying web application directory [/home/Vignesh/devops-project/apache-tomcat-9.0.118/webapps/examples]
28-May-2026 15:31:15.662 INFO [main] org.apache.catalina.startup.HostConfig.deployDirectory Deployment of web application directory [/home/Vignesh/devops-project/apache-tomcat-9.0.118/webapps/examples] has finished in [430] ms
28-May-2026 15:31:15.668 INFO [main] org.apache.coyote.AbstractProtocol.start Starting ProtocolHandler ["http-nio-8080"]
28-May-2026 15:31:15.680 INFO [main] org.apache.catalina.startup.Catalina.start Server startup in [1134] milliseconds
28-May-2026 15:41:55.740 INFO [Catalina-utility-2] org.apache.catalina.startup.HostConfig.undeploy Undeploying context [/host-manager]
28-May-2026 15:41:55.803 INFO [Catalina-utility-2] org.apache.catalina.startup.HostConfig.deployDirectory Deploying web application directory [/home/Vignesh/devops-project/apache-tomcat-9.0.118/webapps/host-manager]
28-May-2026 15:41:55.825 INFO [Catalina-utility-2] org.apache.catalina.startup.HostConfig.deployDirectory Deployment of web application directory [/home/Vignesh/devops-project/apache-tomcat-9.0.118/webapps/host-manager] has finished in [22] ms
28-May-2026 15:45:05.844 INFO [Catalina-utility-2] org.apache.catalina.startup.HostConfig.undeploy Undeploying context [/manager]
28-May-2026 15:45:05.847 INFO [Catalina-utility-2] org.apache.catalina.startup.HostConfig.deployDirectory Deploying web application directory [/home/Vignesh/devops-project/apache-tomcat-9.0.118/webapps/manager]
28-May-2026 15:45:05.862 INFO [Catalina-utility-2] org.apache.catalina.startup.HostConfig.deployDirectory Deployment of web application directory [/home/Vignesh/devops-project/apache-tomcat-9.0.118/webapps/manager] has finished in [15] ms
28-May-2026 15:57:35.926 INFO [Catalina-utility-2] org.apache.catalina.users.MemoryUserDatabase.backgroundProcess Reloading memory user database [UserDatabase] from updated source [file:/home/Vignesh/devops-project/apache-tomcat-9.0.118/conf/tomcat-users.xml]
NOTE: Picked up JDK_JAVA_OPTIONS:  --add-opens=java.base/java.lang=ALL-UNNAMED --add-opens=java.base/java.lang.invoke=ALL-UNNAMED --add-opens=java.base/java.lang.reflect=ALL-UNNAMED --add-opens=java.base/java.io=ALL-UNNAMED --add-opens=java.base/java.util=ALL-UNNAMED --add-opens=java.base/java.util.concurrent=ALL-UNNAMED --add-opens=java.rmi/sun.rmi.transport=ALL-UNNAMED
28-May-2026 15:59:14.081 INFO [main] org.apache.catalina.startup.VersionLoggerListener.log Server version name:   Apache Tomcat/9.0.118
28-May-2026 15:59:14.087 INFO [main] org.apache.catalina.startup.VersionLoggerListener.log Server built:          May 1 2026 19:30:30 UTC
28-May-2026 15:59:14.087 INFO [main] org.apache.catalina.startup.VersionLoggerListener.log Server version number: 9.0.118.0
28-May-2026 15:59:14.087 INFO [main] org.apache.catalina.startup.VersionLoggerListener.log OS Name:               Linux
28-May-2026 15:59:14.087 INFO [main] org.apache.catalina.startup.VersionLoggerListener.log OS Version:            6.17.0-1015-azure
28-May-2026 15:59:14.091 INFO [main] org.apache.catalina.startup.VersionLoggerListener.log Architecture:          amd64
28-May-2026 15:59:14.091 INFO [main] org.apache.catalina.startup.VersionLoggerListener.log Java Home:             /usr/lib/jvm/java-21-openjdk-amd64
28-May-2026 15:59:14.091 INFO [main] org.apache.catalina.startup.VersionLoggerListener.log JVM Version:           21.0.11+10-1-24.04.2-Ubuntu
28-May-2026 15:59:14.091 INFO [main] org.apache.catalina.startup.VersionLoggerListener.log JVM Vendor:            Ubuntu
28-May-2026 15:59:14.092 INFO [main] org.apache.catalina.startup.VersionLoggerListener.log CATALINA_BASE:         /home/Vignesh/devops-project/apache-tomcat-9.0.118
28-May-2026 15:59:14.092 INFO [main] org.apache.catalina.startup.VersionLoggerListener.log CATALINA_HOME:         /home/Vignesh/devops-project/apache-tomcat-9.0.118
28-May-2026 15:59:14.102 INFO [main] org.apache.catalina.startup.VersionLoggerListener.log Command line argument: --add-opens=java.base/java.lang=ALL-UNNAMED
28-May-2026 15:59:14.102 INFO [main] org.apache.catalina.startup.VersionLoggerListener.log Command line argument: --add-opens=java.base/java.lang.invoke=ALL-UNNAMED
28-May-2026 15:59:14.102 INFO [main] org.apache.catalina.startup.VersionLoggerListener.log Command line argument: --add-opens=java.base/java.lang.reflect=ALL-UNNAMED
28-May-2026 15:59:14.102 INFO [main] org.apache.catalina.startup.VersionLoggerListener.log Command line argument: --add-opens=java.base/java.io=ALL-UNNAMED
28-May-2026 15:59:14.102 INFO [main] org.apache.catalina.startup.VersionLoggerListener.log Command line argument: --add-opens=java.base/java.util=ALL-UNNAMED
28-May-2026 15:59:14.102 INFO [main] org.apache.catalina.startup.VersionLoggerListener.log Command line argument: --add-opens=java.base/java.util.concurrent=ALL-UNNAMED
28-May-2026 15:59:14.102 INFO [main] org.apache.catalina.startup.VersionLoggerListener.log Command line argument: --add-opens=java.rmi/sun.rmi.transport=ALL-UNNAMED
28-May-2026 15:59:14.103 INFO [main] org.apache.catalina.startup.VersionLoggerListener.log Command line argument: -Djava.util.logging.config.file=/home/Vignesh/devops-project/apache-tomcat-9.0.118/conf/logging.properties
28-May-2026 15:59:14.103 INFO [main] org.apache.catalina.startup.VersionLoggerListener.log Command line argument: -Djava.util.logging.manager=org.apache.juli.ClassLoaderLogManager
28-May-2026 15:59:14.103 INFO [main] org.apache.catalina.startup.VersionLoggerListener.log Command line argument: -Djdk.tls.ephemeralDHKeySize=2048
28-May-2026 15:59:14.103 INFO [main] org.apache.catalina.startup.VersionLoggerListener.log Command line argument: -Djava.protocol.handler.pkgs=org.apache.catalina.webresources
28-May-2026 15:59:14.103 INFO [main] org.apache.catalina.startup.VersionLoggerListener.log Command line argument: -Dsun.io.useCanonCaches=false
28-May-2026 15:59:14.103 INFO [main] org.apache.catalina.startup.VersionLoggerListener.log Command line argument: -Dorg.apache.catalina.security.SecurityListener.UMASK=0027
28-May-2026 15:59:14.103 INFO [main] org.apache.catalina.startup.VersionLoggerListener.log Command line argument: -Dignore.endorsed.dirs=
28-May-2026 15:59:14.103 INFO [main] org.apache.catalina.startup.VersionLoggerListener.log Command line argument: -Dcatalina.base=/home/Vignesh/devops-project/apache-tomcat-9.0.118
28-May-2026 15:59:14.103 INFO [main] org.apache.catalina.startup.VersionLoggerListener.log Command line argument: -Dcatalina.home=/home/Vignesh/devops-project/apache-tomcat-9.0.118
28-May-2026 15:59:14.103 INFO [main] org.apache.catalina.startup.VersionLoggerListener.log Command line argument: -Djava.io.tmpdir=/home/Vignesh/devops-project/apache-tomcat-9.0.118/temp
28-May-2026 15:59:14.108 INFO [main] org.apache.catalina.core.AprLifecycleListener.lifecycleEvent The Apache Tomcat Native library which allows using OpenSSL was not found on the java.library.path: [/usr/java/packages/lib:/usr/lib/x86_64-linux-gnu/jni:/lib/x86_64-linux-gnu:/usr/lib/x86_64-linux-gnu:/usr/lib/jni:/lib:/usr/lib]
28-May-2026 15:59:14.516 INFO [main] org.apache.coyote.AbstractProtocol.init Initializing ProtocolHandler ["http-nio-8080"]
28-May-2026 15:59:14.528 SEVERE [main] org.apache.catalina.util.LifecycleBase.handleSubClassException Failed to initialize component [Connector["http-nio-8080"]]
	org.apache.catalina.LifecycleException: Protocol handler initialization failed
		at org.apache.catalina.connector.Connector.initInternal(Connector.java:1084)
		at org.apache.catalina.util.LifecycleBase.init(LifecycleBase.java:122)
		at org.apache.catalina.core.StandardService.initInternal(StandardService.java:520)
		at org.apache.catalina.util.LifecycleBase.init(LifecycleBase.java:122)
		at org.apache.catalina.core.StandardServer.initInternal(StandardServer.java:984)
		at org.apache.catalina.util.LifecycleBase.init(LifecycleBase.java:122)
		at org.apache.catalina.startup.Catalina.load(Catalina.java:687)
		at org.apache.catalina.startup.Catalina.load(Catalina.java:710)
		at java.base/jdk.internal.reflect.DirectMethodHandleAccessor.invoke(DirectMethodHandleAccessor.java:103)
		at java.base/java.lang.reflect.Method.invoke(Method.java:580)
		at org.apache.catalina.startup.Bootstrap.load(Bootstrap.java:299)
		at org.apache.catalina.startup.Bootstrap.main(Bootstrap.java:472)
	Caused by: java.net.BindException: Address already in use
		at java.base/sun.nio.ch.Net.bind0(Native Method)
		at java.base/sun.nio.ch.Net.bind(Net.java:577)
		at java.base/sun.nio.ch.ServerSocketChannelImpl.netBind(ServerSocketChannelImpl.java:344)
		at java.base/sun.nio.ch.ServerSocketChannelImpl.bind(ServerSocketChannelImpl.java:301)
		at org.apache.tomcat.util.net.NioEndpoint.initServerSocket(NioEndpoint.java:296)
		at org.apache.tomcat.util.net.NioEndpoint.bind(NioEndpoint.java:251)
		at org.apache.tomcat.util.net.AbstractEndpoint.bindWithCleanup(AbstractEndpoint.java:1500)
		at org.apache.tomcat.util.net.AbstractEndpoint.init(AbstractEndpoint.java:1513)
		at org.apache.coyote.AbstractProtocol.init(AbstractProtocol.java:966)
		at org.apache.coyote.http11.AbstractHttp11Protocol.init(AbstractHttp11Protocol.java:80)
		at org.apache.catalina.connector.Connector.initInternal(Connector.java:1082)
		... 11 more
28-May-2026 15:59:14.529 INFO [main] org.apache.catalina.startup.Catalina.load Server initialization in [644] milliseconds
28-May-2026 15:59:14.568 INFO [main] org.apache.catalina.core.StandardService.startInternal Starting service [Catalina]
28-May-2026 15:59:14.569 INFO [main] org.apache.catalina.core.StandardEngine.startInternal Starting Servlet engine: [Apache Tomcat/9.0.118]
28-May-2026 15:59:14.577 INFO [main] org.apache.catalina.startup.HostConfig.deployDirectory Deploying web application directory [/home/Vignesh/devops-project/apache-tomcat-9.0.118/webapps/host-manager]
28-May-2026 15:59:14.920 INFO [main] org.apache.catalina.startup.HostConfig.deployDirectory Deployment of web application directory [/home/Vignesh/devops-project/apache-tomcat-9.0.118/webapps/host-manager] has finished in [342] ms
28-May-2026 15:59:14.922 INFO [main] org.apache.catalina.startup.HostConfig.deployDirectory Deploying web application directory [/home/Vignesh/devops-project/apache-tomcat-9.0.118/webapps/docs]
28-May-2026 15:59:14.959 INFO [main] org.apache.catalina.startup.HostConfig.deployDirectory Deployment of web application directory [/home/Vignesh/devops-project/apache-tomcat-9.0.118/webapps/docs] has finished in [37] ms
28-May-2026 15:59:14.959 INFO [main] org.apache.catalina.startup.HostConfig.deployDirectory Deploying web application directory [/home/Vignesh/devops-project/apache-tomcat-9.0.118/webapps/ROOT]
28-May-2026 15:59:14.990 INFO [main] org.apache.catalina.startup.HostConfig.deployDirectory Deployment of web application directory [/home/Vignesh/devops-project/apache-tomcat-9.0.118/webapps/ROOT] has finished in [31] ms
28-May-2026 15:59:14.991 INFO [main] org.apache.catalina.startup.HostConfig.deployDirectory Deploying web application directory [/home/Vignesh/devops-project/apache-tomcat-9.0.118/webapps/manager]
28-May-2026 15:59:15.022 INFO [main] org.apache.catalina.startup.HostConfig.deployDirectory Deployment of web application directory [/home/Vignesh/devops-project/apache-tomcat-9.0.118/webapps/manager] has finished in [31] ms
28-May-2026 15:59:15.022 INFO [main] org.apache.catalina.startup.HostConfig.deployDirectory Deploying web application directory [/home/Vignesh/devops-project/apache-tomcat-9.0.118/webapps/examples]
28-May-2026 15:59:15.283 INFO [main] org.apache.catalina.startup.HostConfig.deployDirectory Deployment of web application directory [/home/Vignesh/devops-project/apache-tomcat-9.0.118/webapps/examples] has finished in [261] ms
28-May-2026 15:59:15.287 INFO [main] org.apache.catalina.startup.Catalina.start Server startup in [757] milliseconds
28-May-2026 15:59:15.291 SEVERE [main] org.apache.catalina.core.StandardServer.await Failed to create server shutdown socket on address [localhost] and port [8005] (base port [8005] and offset [0])
	java.net.BindException: Address already in use
		at java.base/sun.nio.ch.Net.bind0(Native Method)
		at java.base/sun.nio.ch.Net.bind(Net.java:577)
		at java.base/sun.nio.ch.Net.bind(Net.java:566)
		at java.base/sun.nio.ch.NioSocketImpl.bind(NioSocketImpl.java:636)
		at java.base/java.net.ServerSocket.bind(ServerSocket.java:391)
		at java.base/java.net.ServerSocket.<init>(ServerSocket.java:278)
		at org.apache.catalina.core.StandardServer.await(StandardServer.java:535)
		at org.apache.catalina.startup.Catalina.await(Catalina.java:826)
		at org.apache.catalina.startup.Catalina.start(Catalina.java:774)
		at java.base/jdk.internal.reflect.DirectMethodHandleAccessor.invoke(DirectMethodHandleAccessor.java:103)
		at java.base/java.lang.reflect.Method.invoke(Method.java:580)
		at org.apache.catalina.startup.Bootstrap.start(Bootstrap.java:342)
		at org.apache.catalina.startup.Bootstrap.main(Bootstrap.java:473)
28-May-2026 15:59:15.291 INFO [main] org.apache.coyote.AbstractProtocol.pause Pausing ProtocolHandler ["http-nio-8080"]
28-May-2026 15:59:15.292 INFO [main] org.apache.catalina.core.StandardService.stopInternal Stopping service [Catalina]
28-May-2026 15:59:15.310 INFO [main] org.apache.coyote.AbstractProtocol.stop Stopping ProtocolHandler ["http-nio-8080"]
28-May-2026 15:59:15.311 INFO [main] org.apache.coyote.AbstractProtocol.destroy Destroying ProtocolHandler ["http-nio-8080"]
